1725431890.377368 client started (2088889): version 3.4, socket /tmp/tmux-1000/default, protocol 8
1725431890.377430 on Linux 6.6.32 #1-NixOS SMP PREEMPT_DYNAMIC Sat May 25 14:22:56 UTC 2024
1725431890.377442 using libevent 2.1.12-stable poll
1725431890.377453 using utf8proc 2.9.0
1725431890.377458 using ncurses 6.4 20221231
1725431890.377487 flags are 0x10010000
1725431890.377508 socket is /tmp/tmux-1000/default
1725431890.377528 trying connect
1725431890.377657 add peer 0x10791a0: 6 ((nil))
1725431890.378254 sending message 100 to peer 0x10791a0 (4 bytes)
1725431890.378267 sending message 111 to peer 0x10791a0 (8 bytes)
1725431890.378273 sending message 101 to peer 0x10791a0 (8 bytes)
1725431890.378278 sending message 109 to peer 0x10791a0 (4 bytes)
1725431890.378284 sending message 102 to peer 0x10791a0 (12 bytes)
1725431890.378290 sending message 108 to peer 0x10791a0 (24 bytes)
1725431890.378295 sending message 112 to peer 0x10791a0 (58 bytes)
1725431890.378300 sending message 112 to peer 0x10791a0 (5 bytes)
1725431890.378305 sending message 112 to peer 0x10791a0 (6 bytes)
1725431890.378310 sending message 112 to peer 0x10791a0 (6 bytes)
1725431890.378315 sending message 112 to peer 0x10791a0 (11 bytes)
1725431890.378320 sending message 112 to peer 0x10791a0 (10 bytes)
1725431890.378325 sending message 112 to peer 0x10791a0 (13 bytes)
1725431890.378330 sending message 112 to peer 0x10791a0 (14 bytes)
1725431890.378335 sending message 112 to peer 0x10791a0 (19 bytes)
1725431890.378340 sending message 112 to peer 0x10791a0 (11 bytes)
1725431890.378344 sending message 112 to peer 0x10791a0 (10 bytes)
1725431890.378349 sending message 112 to peer 0x10791a0 (15 bytes)
1725431890.378354 sending message 112 to peer 0x10791a0 (21 bytes)
1725431890.378359 sending message 112 to peer 0x10791a0 (13 bytes)
1725431890.378364 sending message 112 to peer 0x10791a0 (7 bytes)
1725431890.378371 sending message 112 to peer 0x10791a0 (13 bytes)
1725431890.378379 sending message 112 to peer 0x10791a0 (7 bytes)
1725431890.378387 sending message 112 to peer 0x10791a0 (13 bytes)
1725431890.378395 sending message 112 to peer 0x10791a0 (9 bytes)
1725431890.378418 sending message 112 to peer 0x10791a0 (21 bytes)
1725431890.378431 sending message 112 to peer 0x10791a0 (13 bytes)
1725431890.378437 sending message 112 to peer 0x10791a0 (9 bytes)
1725431890.378444 sending message 112 to peer 0x10791a0 (16 bytes)
1725431890.378451 sending message 112 to peer 0x10791a0 (13 bytes)
1725431890.378458 sending message 112 to peer 0x10791a0 (9 bytes)
1725431890.378465 sending message 112 to peer 0x10791a0 (9 bytes)
1725431890.378473 sending message 112 to peer 0x10791a0 (12 bytes)
1725431890.378481 sending message 112 to peer 0x10791a0 (8 bytes)
1725431890.378488 sending message 112 to peer 0x10791a0 (13 bytes)
1725431890.378495 sending message 112 to peer 0x10791a0 (7 bytes)
1725431890.378502 sending message 112 to peer 0x10791a0 (7 bytes)
1725431890.378510 sending message 112 to peer 0x10791a0 (9 bytes)
1725431890.378518 sending message 112 to peer 0x10791a0 (7 bytes)
1725431890.378525 sending message 112 to peer 0x10791a0 (9 bytes)
1725431890.378532 sending message 112 to peer 0x10791a0 (15 bytes)
1725431890.378540 sending message 112 to peer 0x10791a0 (13 bytes)
1725431890.378548 sending message 112 to peer 0x10791a0 (12 bytes)
1725431890.378556 sending message 112 to peer 0x10791a0 (8 bytes)
1725431890.378563 sending message 112 to peer 0x10791a0 (14 bytes)
1725431890.378571 sending message 112 to peer 0x10791a0 (11 bytes)
1725431890.378578 sending message 112 to peer 0x10791a0 (9 bytes)
1725431890.378586 sending message 112 to peer 0x10791a0 (10 bytes)
1725431890.378595 sending message 112 to peer 0x10791a0 (10 bytes)
1725431890.378603 sending message 112 to peer 0x10791a0 (10 bytes)
1725431890.378610 sending message 112 to peer 0x10791a0 (10 bytes)
1725431890.378618 sending message 112 to peer 0x10791a0 (11 bytes)
1725431890.378623 sending message 112 to peer 0x10791a0 (11 bytes)
1725431890.378631 sending message 112 to peer 0x10791a0 (9 bytes)
1725431890.378638 sending message 112 to peer 0x10791a0 (12 bytes)
1725431890.378658 sending message 112 to peer 0x10791a0 (8 bytes)
1725431890.378663 sending message 112 to peer 0x10791a0 (11 bytes)
1725431890.378669 sending message 112 to peer 0x10791a0 (11 bytes)
1725431890.378674 sending message 112 to peer 0x10791a0 (11 bytes)
1725431890.378679 sending message 112 to peer 0x10791a0 (12 bytes)
1725431890.378684 sending message 112 to peer 0x10791a0 (12 bytes)
1725431890.378689 sending message 112 to peer 0x10791a0 (12 bytes)
1725431890.378693 sending message 112 to peer 0x10791a0 (12 bytes)
1725431890.378698 sending message 112 to peer 0x10791a0 (13 bytes)
1725431890.378703 sending message 112 to peer 0x10791a0 (13 bytes)
1725431890.378708 sending message 112 to peer 0x10791a0 (13 bytes)
1725431890.378713 sending message 112 to peer 0x10791a0 (8 bytes)
1725431890.378718 sending message 112 to peer 0x10791a0 (13 bytes)
1725431890.378722 sending message 112 to peer 0x10791a0 (13 bytes)
1725431890.378727 sending message 112 to peer 0x10791a0 (13 bytes)
1725431890.378732 sending message 112 to peer 0x10791a0 (13 bytes)
1725431890.378737 sending message 112 to peer 0x10791a0 (13 bytes)
1725431890.378742 sending message 112 to peer 0x10791a0 (12 bytes)
1725431890.378746 sending message 112 to peer 0x10791a0 (12 bytes)
1725431890.378751 sending message 112 to peer 0x10791a0 (12 bytes)
1725431890.378756 sending message 112 to peer 0x10791a0 (12 bytes)
1725431890.378761 sending message 112 to peer 0x10791a0 (13 bytes)
1725431890.378765 sending message 112 to peer 0x10791a0 (8 bytes)
1725431890.378770 sending message 112 to peer 0x10791a0 (13 bytes)
1725431890.378775 sending message 112 to peer 0x10791a0 (13 bytes)
1725431890.378780 sending message 112 to peer 0x10791a0 (13 bytes)
1725431890.378785 sending message 112 to peer 0x10791a0 (13 bytes)
1725431890.378790 sending message 112 to peer 0x10791a0 (13 bytes)
1725431890.378794 sending message 112 to peer 0x10791a0 (13 bytes)
1725431890.378799 sending message 112 to peer 0x10791a0 (13 bytes)
1725431890.378804 sending message 112 to peer 0x10791a0 (12 bytes)
1725431890.378808 sending message 112 to peer 0x10791a0 (12 bytes)
1725431890.378814 sending message 112 to peer 0x10791a0 (12 bytes)
1725431890.378819 sending message 112 to peer 0x10791a0 (8 bytes)
1725431890.378823 sending message 112 to peer 0x10791a0 (12 bytes)
1725431890.378828 sending message 112 to peer 0x10791a0 (13 bytes)
1725431890.378833 sending message 112 to peer 0x10791a0 (13 bytes)
1725431890.378838 sending message 112 to peer 0x10791a0 (13 bytes)
1725431890.378843 sending message 112 to peer 0x10791a0 (13 bytes)
1725431890.378847 sending message 112 to peer 0x10791a0 (13 bytes)
1725431890.378852 sending message 112 to peer 0x10791a0 (13 bytes)
1725431890.378857 sending message 112 to peer 0x10791a0 (13 bytes)
1725431890.378861 sending message 112 to peer 0x10791a0 (13 bytes)
1725431890.378866 sending message 112 to peer 0x10791a0 (12 bytes)
1725431890.378871 sending message 112 to peer 0x10791a0 (10 bytes)
1725431890.378876 sending message 112 to peer 0x10791a0 (12 bytes)
1725431890.378880 sending message 112 to peer 0x10791a0 (12 bytes)
1725431890.378885 sending message 112 to peer 0x10791a0 (12 bytes)
1725431890.378890 sending message 112 to peer 0x10791a0 (13 bytes)
1725431890.378895 sending message 112 to peer 0x10791a0 (13 bytes)
1725431890.378900 sending message 112 to peer 0x10791a0 (13 bytes)
1725431890.378905 sending message 112 to peer 0x10791a0 (13 bytes)
1725431890.378909 sending message 112 to peer 0x10791a0 (13 bytes)
1725431890.378914 sending message 112 to peer 0x10791a0 (13 bytes)
1725431890.378919 sending message 112 to peer 0x10791a0 (13 bytes)
1725431890.378923 sending message 112 to peer 0x10791a0 (10 bytes)
1725431890.378928 sending message 112 to peer 0x10791a0 (13 bytes)
1725431890.378933 sending message 112 to peer 0x10791a0 (12 bytes)
1725431890.378938 sending message 112 to peer 0x10791a0 (12 bytes)
1725431890.378943 sending message 112 to peer 0x10791a0 (12 bytes)
1725431890.378947 sending message 112 to peer 0x10791a0 (10 bytes)
1725431890.378961 sending message 112 to peer 0x10791a0 (10 bytes)
1725431890.378967 sending message 112 to peer 0x10791a0 (10 bytes)
1725431890.378972 sending message 112 to peer 0x10791a0 (12 bytes)
1725431890.378976 sending message 112 to peer 0x10791a0 (10 bytes)
1725431890.378981 sending message 112 to peer 0x10791a0 (11 bytes)
1725431890.378986 sending message 112 to peer 0x10791a0 (11 bytes)
1725431890.378990 sending message 112 to peer 0x10791a0 (12 bytes)
1725431890.378995 sending message 112 to peer 0x10791a0 (12 bytes)
1725431890.379000 sending message 112 to peer 0x10791a0 (10 bytes)
1725431890.379005 sending message 112 to peer 0x10791a0 (9 bytes)
1725431890.379010 sending message 112 to peer 0x10791a0 (12 bytes)
1725431890.379015 sending message 112 to peer 0x10791a0 (9 bytes)
1725431890.379019 sending message 112 to peer 0x10791a0 (12 bytes)
1725431890.379024 sending message 112 to peer 0x10791a0 (11 bytes)
1725431890.379029 sending message 112 to peer 0x10791a0 (12 bytes)
1725431890.379034 sending message 112 to peer 0x10791a0 (21 bytes)
1725431890.379038 sending message 112 to peer 0x10791a0 (12 bytes)
1725431890.379043 sending message 112 to peer 0x10791a0 (9 bytes)
1725431890.379048 sending message 112 to peer 0x10791a0 (6 bytes)
1725431890.379056 sending message 112 to peer 0x10791a0 (13 bytes)
1725431890.379062 sending message 112 to peer 0x10791a0 (10 bytes)
1725431890.379067 sending message 112 to peer 0x10791a0 (24 bytes)
1725431890.379072 sending message 112 to peer 0x10791a0 (13 bytes)
1725431890.379077 sending message 112 to peer 0x10791a0 (9 bytes)
1725431890.379082 sending message 112 to peer 0x10791a0 (70 bytes)
1725431890.379087 sending message 112 to peer 0x10791a0 (69 bytes)
1725431890.379092 sending message 112 to peer 0x10791a0 (70 bytes)
1725431890.379097 sending message 112 to peer 0x10791a0 (12 bytes)
1725431890.379102 sending message 112 to peer 0x10791a0 (10 bytes)
1725431890.379107 sending message 112 to peer 0x10791a0 (10 bytes)
1725431890.379112 sending message 112 to peer 0x10791a0 (24 bytes)
1725431890.379117 sending message 112 to peer 0x10791a0 (13 bytes)
1725431890.379122 sending message 112 to peer 0x10791a0 (11 bytes)
1725431890.379127 sending message 112 to peer 0x10791a0 (10 bytes)
1725431890.379131 sending message 112 to peer 0x10791a0 (10 bytes)
1725431890.379136 sending message 112 to peer 0x10791a0 (17 bytes)
1725431890.379141 sending message 112 to peer 0x10791a0 (10 bytes)
1725431890.379146 sending message 112 to peer 0x10791a0 (13 bytes)
1725431890.379150 sending message 112 to peer 0x10791a0 (32 bytes)
1725431890.379155 sending message 112 to peer 0x10791a0 (5 bytes)
1725431890.379161 sending message 112 to peer 0x10791a0 (9 bytes)
1725431890.379166 sending message 112 to peer 0x10791a0 (15 bytes)
1725431890.379174 sending message 104 to peer 0x10791a0 (0 bytes)
1725431890.379182 sending message 110 to peer 0x10791a0 (0 bytes)
1725431890.379189 sending message 107 to peer 0x10791a0 (4 bytes)
1725431890.379196 sending message 105 to peer 0x10791a0 (28 bytes)
1725431890.379201 sending message 105 to peer 0x10791a0 (28 bytes)
1725431890.379206 sending message 105 to peer 0x10791a0 (52 bytes)
1725431890.379211 sending message 105 to peer 0x10791a0 (12 bytes)
1725431890.379216 sending message 105 to peer 0x10791a0 (13 bytes)
1725431890.379221 sending message 105 to peer 0x10791a0 (21 bytes)
1725431890.379226 sending message 105 to peer 0x10791a0 (29 bytes)
1725431890.379231 sending message 105 to peer 0x10791a0 (104 bytes)
1725431890.379237 sending message 105 to peer 0x10791a0 (16 bytes)
1725431890.379242 sending message 105 to peer 0x10791a0 (17 bytes)
1725431890.379247 sending message 105 to peer 0x10791a0 (58 bytes)
1725431890.379252 sending message 105 to peer 0x10791a0 (52 bytes)
1725431890.379257 sending message 105 to peer 0x10791a0 (21 bytes)
1725431890.379262 sending message 105 to peer 0x10791a0 (14 bytes)
1725431890.379267 sending message 105 to peer 0x10791a0 (57 bytes)
1725431890.379272 sending message 105 to peer 0x10791a0 (76 bytes)
1725431890.379281 sending message 105 to peer 0x10791a0 (15 bytes)
1725431890.379286 sending message 105 to peer 0x10791a0 (13 bytes)
1725431890.379292 sending message 105 to peer 0x10791a0 (18 bytes)
1725431890.379297 sending message 105 to peer 0x10791a0 (23 bytes)
1725431890.379302 sending message 105 to peer 0x10791a0 (15 bytes)
1725431890.379308 sending message 105 to peer 0x10791a0 (11 bytes)
1725431890.379314 sending message 105 to peer 0x10791a0 (54 bytes)
1725431890.379320 sending message 105 to peer 0x10791a0 (167 bytes)
1725431890.379325 sending message 105 to peer 0x10791a0 (87 bytes)
1725431890.379330 sending message 105 to peer 0x10791a0 (11 bytes)
1725431890.379336 sending message 105 to peer 0x10791a0 (41 bytes)
1725431890.379342 sending message 105 to peer 0x10791a0 (18 bytes)
1725431890.379347 sending message 105 to peer 0x10791a0 (12 bytes)
1725431890.379352 sending message 105 to peer 0x10791a0 (20 bytes)
1725431890.379358 sending message 105 to peer 0x10791a0 (67 bytes)
1725431890.379364 sending message 105 to peer 0x10791a0 (54 bytes)
1725431890.379370 sending message 105 to peer 0x10791a0 (38 bytes)
1725431890.379375 sending message 105 to peer 0x10791a0 (215 bytes)
1725431890.379381 sending message 105 to peer 0x10791a0 (17 bytes)
1725431890.379387 sending message 105 to peer 0x10791a0 (112 bytes)
1725431890.379393 sending message 105 to peer 0x10791a0 (58 bytes)
1725431890.379399 sending message 105 to peer 0x10791a0 (15 bytes)
1725431890.379428 sending message 105 to peer 0x10791a0 (64 bytes)
1725431890.379440 sending message 105 to peer 0x10791a0 (10 bytes)
1725431890.379446 sending message 105 to peer 0x10791a0 (227 bytes)
1725431890.379451 sending message 105 to peer 0x10791a0 (31 bytes)
1725431890.379456 sending message 105 to peer 0x10791a0 (21 bytes)
1725431890.379461 sending message 105 to peer 0x10791a0 (47 bytes)
1725431890.379466 sending message 105 to peer 0x10791a0 (28 bytes)
1725431890.379472 sending message 105 to peer 0x10791a0 (58 bytes)
1725431890.379478 sending message 105 to peer 0x10791a0 (10 bytes)
1725431890.379484 sending message 105 to peer 0x10791a0 (24 bytes)
1725431890.379489 sending message 105 to peer 0x10791a0 (20 bytes)
1725431890.379494 sending message 105 to peer 0x10791a0 (25 bytes)
1725431890.379499 sending message 105 to peer 0x10791a0 (687 bytes)
1725431890.379505 sending message 105 to peer 0x10791a0 (8 bytes)
1725431890.379510 sending message 105 to peer 0x10791a0 (37 bytes)
1725431890.379516 sending message 105 to peer 0x10791a0 (46 bytes)
1725431890.379521 sending message 105 to peer 0x10791a0 (413 bytes)
1725431890.379528 sending message 105 to peer 0x10791a0 (20 bytes)
1725431890.379533 sending message 105 to peer 0x10791a0 (16 bytes)
1725431890.379539 sending message 105 to peer 0x10791a0 (39 bytes)
1725431890.379544 sending message 105 to peer 0x10791a0 (525 bytes)
1725431890.379550 sending message 105 to peer 0x10791a0 (10 bytes)
1725431890.379555 sending message 105 to peer 0x10791a0 (17 bytes)
1725431890.379560 sending message 105 to peer 0x10791a0 (31 bytes)
1725431890.379566 sending message 105 to peer 0x10791a0 (104 bytes)
1725431890.379571 sending message 105 to peer 0x10791a0 (11 bytes)
1725431890.379576 sending message 105 to peer 0x10791a0 (79 bytes)
1725431890.379582 sending message 105 to peer 0x10791a0 (20 bytes)
1725431890.379587 sending message 105 to peer 0x10791a0 (56 bytes)
1725431890.379593 sending message 105 to peer 0x10791a0 (15 bytes)
1725431890.379599 sending message 105 to peer 0x10791a0 (258 bytes)
1725431890.379604 sending message 105 to peer 0x10791a0 (18 bytes)
1725431890.379610 sending message 105 to peer 0x10791a0 (40 bytes)
1725431890.379615 sending message 105 to peer 0x10791a0 (10 bytes)
1725431890.379620 sending message 105 to peer 0x10791a0 (301 bytes)
1725431890.379626 sending message 105 to peer 0x10791a0 (270 bytes)
1725431890.379631 sending message 105 to peer 0x10791a0 (72 bytes)
1725431890.379636 sending message 105 to peer 0x10791a0 (263 bytes)
1725431890.379642 sending message 105 to peer 0x10791a0 (22 bytes)
1725431890.379651 sending message 105 to peer 0x10791a0 (59 bytes)
1725431890.379657 sending message 105 to peer 0x10791a0 (43 bytes)
1725431890.379664 sending message 105 to peer 0x10791a0 (13 bytes)
1725431890.379669 sending message 106 to peer 0x10791a0 (0 bytes)
1725431890.379807 sending message 200 to peer 0x10791a0 (4 bytes)
1725431890.379816 client loop enter
1725431890.384583 peer 0x10791a0 message 303
1725431890.384597 open write file 2 -
1725431890.384610 sending message 305 to peer 0x10791a0 (8 bytes)
1725431890.384630 write check file 2
1725431890.384742 peer 0x10791a0 message 304
1725431890.384746 write 58 to file 2
1725431890.384751 peer 0x10791a0 message 203
1725431890.384754 file 2 58 bytes left
1725431890.384768 write check file 2
1725431890.384771 client loop exit
