
2022/07/29 (18:27:51) | ===> btop++ v.1.2.8
2022/07/29 (18:27:51) | ERROR: No UTF-8 locale detected!
Use --utf-force argument to force start if you're sure your terminal can handle it.

2022/07/29 (18:27:51) | ===> btop++ v.1.2.8
2022/07/29 (18:27:51) | ERROR: No UTF-8 locale detected!
Use --utf-force argument to force start if you're sure your terminal can handle it.

2022/07/29 (18:27:51) | ===> btop++ v.1.2.8
2022/07/29 (18:27:51) | ERROR: No UTF-8 locale detected!
Use --utf-force argument to force start if you're sure your terminal can handle it.

2022/07/29 (18:27:52) | ===> btop++ v.1.2.8
2022/07/29 (18:27:52) | ERROR: No UTF-8 locale detected!
Use --utf-force argument to force start if you're sure your terminal can handle it.

2022/07/29 (18:27:55) | ===> btop++ v.1.2.8
2022/07/29 (18:27:55) | ERROR: No UTF-8 locale detected!
Use --utf-force argument to force start if you're sure your terminal can handle it.

2022/07/29 (18:28:08) | ===> btop++ v.1.2.8
2022/07/29 (18:28:08) | ERROR: No UTF-8 locale detected!
Use --utf-force argument to force start if you're sure your terminal can handle it.

2022/07/29 (18:28:53) | ===> btop++ v.1.2.8
2022/07/29 (18:28:53) | WARNING: No UTF-8 locale detected! Forcing start with --utf-force argument.

2022/07/29 (18:30:45) | ===> btop++ v.1.2.8
2022/07/29 (18:30:45) | WARNING: No UTF-8 locale detected! Forcing start with --utf-force argument.

2022/07/29 (18:31:06) | ===> btop++ v.1.2.8
2022/07/29 (18:31:06) | WARNING: No UTF-8 locale detected! Forcing start with --utf-force argument.

2022/07/29 (18:33:51) | ===> btop++ v.1.2.8
2022/07/29 (18:33:51) | WARNING: No UTF-8 locale detected! Forcing start with --utf-force argument.
2022/07/29 (18:33:51) | ERROR: No tty detected!
btop++ needs an interactive shell to run.

2022/07/29 (18:33:53) | ===> btop++ v.1.2.8
2022/07/29 (18:33:53) | WARNING: No UTF-8 locale detected! Forcing start with --utf-force argument.
2022/07/29 (18:33:53) | ERROR: No tty detected!
btop++ needs an interactive shell to run.

2022/07/29 (18:33:55) | ===> btop++ v.1.2.8
2022/07/29 (18:33:55) | WARNING: No UTF-8 locale detected! Forcing start with --utf-force argument.
2022/07/29 (18:33:55) | ERROR: No tty detected!
btop++ needs an interactive shell to run.

2022/07/29 (18:33:55) | ===> btop++ v.1.2.8
2022/07/29 (18:33:55) | WARNING: No UTF-8 locale detected! Forcing start with --utf-force argument.
2022/07/29 (18:33:55) | ERROR: No tty detected!
btop++ needs an interactive shell to run.

2022/07/29 (18:33:55) | ===> btop++ v.1.2.8
2022/07/29 (18:33:55) | WARNING: No UTF-8 locale detected! Forcing start with --utf-force argument.
2022/07/29 (18:33:55) | ERROR: No tty detected!
btop++ needs an interactive shell to run.

2022/07/29 (18:34:11) | ===> btop++ v.1.2.8
2022/07/29 (18:34:11) | WARNING: No UTF-8 locale detected! Forcing start with --utf-force argument.
2022/07/29 (18:34:11) | ERROR: No tty detected!
btop++ needs an interactive shell to run.

2022/07/29 (18:34:11) | ===> btop++ v.1.2.8
2022/07/29 (18:34:11) | WARNING: No UTF-8 locale detected! Forcing start with --utf-force argument.
2022/07/29 (18:34:11) | ERROR: No tty detected!
btop++ needs an interactive shell to run.

2022/07/29 (18:34:11) | ===> btop++ v.1.2.8
2022/07/29 (18:34:11) | WARNING: No UTF-8 locale detected! Forcing start with --utf-force argument.
2022/07/29 (18:34:11) | ERROR: No tty detected!
btop++ needs an interactive shell to run.

2022/07/29 (18:34:12) | ===> btop++ v.1.2.8
2022/07/29 (18:34:12) | WARNING: No UTF-8 locale detected! Forcing start with --utf-force argument.
2022/07/29 (18:34:12) | ERROR: No tty detected!
btop++ needs an interactive shell to run.

2022/07/29 (18:34:12) | ===> btop++ v.1.2.8
2022/07/29 (18:34:12) | WARNING: No UTF-8 locale detected! Forcing start with --utf-force argument.
2022/07/29 (18:34:12) | ERROR: No tty detected!
btop++ needs an interactive shell to run.

2022/07/29 (18:34:12) | ===> btop++ v.1.2.8
2022/07/29 (18:34:12) | WARNING: No UTF-8 locale detected! Forcing start with --utf-force argument.
2022/07/29 (18:34:12) | ERROR: No tty detected!
btop++ needs an interactive shell to run.

2022/07/29 (18:34:12) | ===> btop++ v.1.2.8
2022/07/29 (18:34:12) | WARNING: No UTF-8 locale detected! Forcing start with --utf-force argument.
2022/07/29 (18:34:12) | ERROR: No tty detected!
btop++ needs an interactive shell to run.

2022/07/29 (18:34:14) | ===> btop++ v.1.2.8
2022/07/29 (18:34:14) | WARNING: No UTF-8 locale detected! Forcing start with --utf-force argument.
2022/07/29 (18:34:14) | ERROR: No tty detected!
btop++ needs an interactive shell to run.

2022/07/29 (18:34:16) | ===> btop++ v.1.2.8
2022/07/29 (18:34:16) | WARNING: No UTF-8 locale detected! Forcing start with --utf-force argument.
2022/07/29 (18:34:16) | ERROR: No tty detected!
btop++ needs an interactive shell to run.

2022/07/29 (18:34:17) | ===> btop++ v.1.2.8
2022/07/29 (18:34:17) | WARNING: No UTF-8 locale detected! Forcing start with --utf-force argument.
2022/07/29 (18:34:17) | ERROR: No tty detected!
btop++ needs an interactive shell to run.

2022/07/29 (18:34:17) | ===> btop++ v.1.2.8
2022/07/29 (18:34:17) | WARNING: No UTF-8 locale detected! Forcing start with --utf-force argument.
2022/07/29 (18:34:17) | ERROR: No tty detected!
btop++ needs an interactive shell to run.

2022/07/29 (18:34:18) | ===> btop++ v.1.2.8
2022/07/29 (18:34:18) | WARNING: No UTF-8 locale detected! Forcing start with --utf-force argument.
2022/07/29 (18:34:18) | ERROR: No tty detected!
btop++ needs an interactive shell to run.

2022/07/29 (18:34:18) | ===> btop++ v.1.2.8
2022/07/29 (18:34:18) | WARNING: No UTF-8 locale detected! Forcing start with --utf-force argument.
2022/07/29 (18:34:18) | ERROR: No tty detected!
btop++ needs an interactive shell to run.

2022/07/29 (18:34:18) | ===> btop++ v.1.2.8
2022/07/29 (18:34:18) | WARNING: No UTF-8 locale detected! Forcing start with --utf-force argument.
2022/07/29 (18:34:18) | ERROR: No tty detected!
btop++ needs an interactive shell to run.

2022/07/29 (18:34:18) | ===> btop++ v.1.2.8
2022/07/29 (18:34:18) | WARNING: No UTF-8 locale detected! Forcing start with --utf-force argument.
2022/07/29 (18:34:18) | ERROR: No tty detected!
btop++ needs an interactive shell to run.

2022/07/29 (18:34:18) | ===> btop++ v.1.2.8
2022/07/29 (18:34:18) | WARNING: No UTF-8 locale detected! Forcing start with --utf-force argument.
2022/07/29 (18:34:18) | ERROR: No tty detected!
btop++ needs an interactive shell to run.

2022/07/29 (18:34:19) | ===> btop++ v.1.2.8
2022/07/29 (18:34:19) | WARNING: No UTF-8 locale detected! Forcing start with --utf-force argument.
2022/07/29 (18:34:19) | ERROR: No tty detected!
btop++ needs an interactive shell to run.

2022/07/29 (18:34:19) | ===> btop++ v.1.2.8
2022/07/29 (18:34:19) | WARNING: No UTF-8 locale detected! Forcing start with --utf-force argument.
2022/07/29 (18:34:19) | ERROR: No tty detected!
btop++ needs an interactive shell to run.

2022/07/29 (18:34:19) | ===> btop++ v.1.2.8
2022/07/29 (18:34:19) | WARNING: No UTF-8 locale detected! Forcing start with --utf-force argument.
2022/07/29 (18:34:19) | ERROR: No tty detected!
btop++ needs an interactive shell to run.

2022/07/29 (18:34:19) | ===> btop++ v.1.2.8
2022/07/29 (18:34:19) | WARNING: No UTF-8 locale detected! Forcing start with --utf-force argument.
2022/07/29 (18:34:19) | ERROR: No tty detected!
btop++ needs an interactive shell to run.

2022/07/29 (18:34:19) | ===> btop++ v.1.2.8
2022/07/29 (18:34:19) | WARNING: No UTF-8 locale detected! Forcing start with --utf-force argument.
2022/07/29 (18:34:19) | ERROR: No tty detected!
btop++ needs an interactive shell to run.

2022/07/29 (18:34:20) | ===> btop++ v.1.2.8
2022/07/29 (18:34:20) | WARNING: No UTF-8 locale detected! Forcing start with --utf-force argument.
2022/07/29 (18:34:20) | ERROR: No tty detected!
btop++ needs an interactive shell to run.

2022/07/29 (18:34:20) | ===> btop++ v.1.2.8
2022/07/29 (18:34:20) | WARNING: No UTF-8 locale detected! Forcing start with --utf-force argument.
2022/07/29 (18:34:20) | ERROR: No tty detected!
btop++ needs an interactive shell to run.

2022/07/29 (18:34:20) | ===> btop++ v.1.2.8
2022/07/29 (18:34:20) | WARNING: No UTF-8 locale detected! Forcing start with --utf-force argument.
2022/07/29 (18:34:20) | ERROR: No tty detected!
btop++ needs an interactive shell to run.

2022/07/29 (18:34:20) | ===> btop++ v.1.2.8
2022/07/29 (18:34:20) | WARNING: No UTF-8 locale detected! Forcing start with --utf-force argument.
2022/07/29 (18:34:20) | ERROR: No tty detected!
btop++ needs an interactive shell to run.

2022/07/29 (18:34:20) | ===> btop++ v.1.2.8
2022/07/29 (18:34:20) | WARNING: No UTF-8 locale detected! Forcing start with --utf-force argument.
2022/07/29 (18:34:20) | ERROR: No tty detected!
btop++ needs an interactive shell to run.

2022/07/29 (18:34:21) | ===> btop++ v.1.2.8
2022/07/29 (18:34:21) | WARNING: No UTF-8 locale detected! Forcing start with --utf-force argument.
2022/07/29 (18:34:21) | ERROR: No tty detected!
btop++ needs an interactive shell to run.

2022/07/29 (18:34:21) | ===> btop++ v.1.2.8
2022/07/29 (18:34:21) | WARNING: No UTF-8 locale detected! Forcing start with --utf-force argument.
2022/07/29 (18:34:21) | ERROR: No tty detected!
btop++ needs an interactive shell to run.

2022/07/29 (18:34:21) | ===> btop++ v.1.2.8
2022/07/29 (18:34:21) | WARNING: No UTF-8 locale detected! Forcing start with --utf-force argument.
2022/07/29 (18:34:21) | ERROR: No tty detected!
btop++ needs an interactive shell to run.

2022/07/29 (18:34:21) | ===> btop++ v.1.2.8
2022/07/29 (18:34:21) | WARNING: No UTF-8 locale detected! Forcing start with --utf-force argument.
2022/07/29 (18:34:21) | ERROR: No tty detected!
btop++ needs an interactive shell to run.

2022/07/29 (18:34:22) | ===> btop++ v.1.2.8
2022/07/29 (18:34:22) | WARNING: No UTF-8 locale detected! Forcing start with --utf-force argument.
2022/07/29 (18:34:22) | ERROR: No tty detected!
btop++ needs an interactive shell to run.

2022/07/29 (18:34:22) | ===> btop++ v.1.2.8
2022/07/29 (18:34:22) | WARNING: No UTF-8 locale detected! Forcing start with --utf-force argument.
2022/07/29 (18:34:22) | ERROR: No tty detected!
btop++ needs an interactive shell to run.

2022/07/29 (18:34:29) | ===> btop++ v.1.2.8
2022/07/29 (18:34:29) | WARNING: No UTF-8 locale detected! Forcing start with --utf-force argument.

2022/07/29 (18:54:43) | ===> btop++ v.1.2.8
2022/07/29 (18:54:43) | WARNING: No UTF-8 locale detected! Forcing start with --utf-force argument.

2022/07/29 (18:57:31) | ===> btop++ v.1.2.8
2022/07/29 (18:57:31) | WARNING: No UTF-8 locale detected! Forcing start with --utf-force argument.

2022/07/29 (19:01:07) | ===> btop++ v.1.2.8
2022/07/29 (19:01:07) | WARNING: No UTF-8 locale detected! Forcing start with --utf-force argument.

2022/07/29 (19:01:09) | ===> btop++ v.1.2.8
2022/07/29 (19:01:09) | WARNING: No UTF-8 locale detected! Forcing start with --utf-force argument.
2022/07/29 (19:01:09) | ERROR: No tty detected!
btop++ needs an interactive shell to run.

2022/07/30 (00:19:43) | ===> btop++ v.1.2.8
2022/07/30 (00:19:43) | ERROR: No UTF-8 locale detected!
Use --utf-force argument to force start if you're sure your terminal can handle it.

2022/07/30 (00:19:50) | ===> btop++ v.1.2.8
2022/07/30 (00:19:50) | WARNING: No UTF-8 locale detected! Forcing start with --utf-force argument.

2022/07/30 (21:41:54) | ===> btop++ v.1.2.8
2022/07/30 (21:41:54) | WARNING: No UTF-8 locale detected! Forcing start with --utf-force argument.

2022/07/30 (22:43:26) | ===> btop++ v.1.2.8
2022/07/30 (22:43:26) | WARNING: No UTF-8 locale detected! Forcing start with --utf-force argument.
2022/07/30 (22:43:26) | ERROR: No tty detected!
btop++ needs an interactive shell to run.

2022/07/30 (23:44:06) | ===> btop++ v.1.2.8
2022/07/30 (23:44:06) | WARNING: No UTF-8 locale detected! Forcing start with --utf-force argument.
2022/07/30 (23:44:06) | ERROR: No tty detected!
btop++ needs an interactive shell to run.

2022/07/30 (23:44:09) | ===> btop++ v.1.2.8
2022/07/30 (23:44:09) | ERROR: No UTF-8 locale detected!
Use --utf-force argument to force start if you're sure your terminal can handle it.

2022/07/30 (23:44:18) | ===> btop++ v.1.2.8
2022/07/30 (23:44:18) | WARNING: No UTF-8 locale detected! Forcing start with --utf-force argument.

2022/07/31 (01:07:14) | ===> btop++ v.1.2.8
2022/07/31 (01:07:14) | ERROR: No UTF-8 locale detected!
Use --utf-force argument to force start if you're sure your terminal can handle it.

2022/07/31 (01:07:18) | ===> btop++ v.1.2.8
2022/07/31 (01:07:18) | WARNING: No UTF-8 locale detected! Forcing start with --utf-force argument.

2022/07/31 (01:32:34) | ===> btop++ v.1.2.8
2022/07/31 (01:32:34) | WARNING: No UTF-8 locale detected! Forcing start with --utf-force argument.

2022/07/31 (01:32:36) | ===> btop++ v.1.2.8
2022/07/31 (01:32:36) | WARNING: No UTF-8 locale detected! Forcing start with --utf-force argument.
2022/07/31 (01:32:36) | ERROR: No tty detected!
btop++ needs an interactive shell to run.

2022/07/31 (01:32:36) | ===> btop++ v.1.2.8
2022/07/31 (01:32:36) | WARNING: No UTF-8 locale detected! Forcing start with --utf-force argument.
2022/07/31 (01:32:36) | ERROR: No tty detected!
btop++ needs an interactive shell to run.

2022/07/31 (01:33:43) | ===> btop++ v.1.2.8
2022/07/31 (01:33:43) | WARNING: No UTF-8 locale detected! Forcing start with --utf-force argument.
2022/07/31 (01:33:43) | ERROR: No tty detected!
btop++ needs an interactive shell to run.

2022/07/31 (01:33:44) | ===> btop++ v.1.2.8
2022/07/31 (01:33:44) | WARNING: No UTF-8 locale detected! Forcing start with --utf-force argument.
2022/07/31 (01:33:44) | ERROR: No tty detected!
btop++ needs an interactive shell to run.

2022/07/31 (01:33:45) | ===> btop++ v.1.2.8
2022/07/31 (01:33:45) | WARNING: No UTF-8 locale detected! Forcing start with --utf-force argument.
2022/07/31 (01:33:45) | ERROR: No tty detected!
btop++ needs an interactive shell to run.

2022/07/31 (01:33:45) | ===> btop++ v.1.2.8
2022/07/31 (01:33:45) | WARNING: No UTF-8 locale detected! Forcing start with --utf-force argument.
2022/07/31 (01:33:45) | ERROR: No tty detected!
btop++ needs an interactive shell to run.

2022/07/31 (01:33:46) | ===> btop++ v.1.2.8
2022/07/31 (01:33:46) | WARNING: No UTF-8 locale detected! Forcing start with --utf-force argument.
2022/07/31 (01:33:46) | ERROR: No tty detected!
btop++ needs an interactive shell to run.

2022/07/31 (01:33:46) | ===> btop++ v.1.2.8
2022/07/31 (01:33:46) | WARNING: No UTF-8 locale detected! Forcing start with --utf-force argument.
2022/07/31 (01:33:46) | ERROR: No tty detected!
btop++ needs an interactive shell to run.

2022/07/31 (01:33:46) | ===> btop++ v.1.2.8
2022/07/31 (01:33:46) | WARNING: No UTF-8 locale detected! Forcing start with --utf-force argument.
2022/07/31 (01:33:46) | ERROR: No tty detected!
btop++ needs an interactive shell to run.

2022/07/31 (01:33:46) | ===> btop++ v.1.2.8
2022/07/31 (01:33:46) | WARNING: No UTF-8 locale detected! Forcing start with --utf-force argument.
2022/07/31 (01:33:46) | ERROR: No tty detected!
btop++ needs an interactive shell to run.

2022/07/31 (01:33:46) | ===> btop++ v.1.2.8
2022/07/31 (01:33:46) | WARNING: No UTF-8 locale detected! Forcing start with --utf-force argument.
2022/07/31 (01:33:46) | ERROR: No tty detected!
btop++ needs an interactive shell to run.

2022/07/31 (01:33:47) | ===> btop++ v.1.2.8
2022/07/31 (01:33:47) | WARNING: No UTF-8 locale detected! Forcing start with --utf-force argument.
2022/07/31 (01:33:47) | ERROR: No tty detected!
btop++ needs an interactive shell to run.

2022/07/31 (01:33:47) | ===> btop++ v.1.2.8
2022/07/31 (01:33:47) | WARNING: No UTF-8 locale detected! Forcing start with --utf-force argument.
2022/07/31 (01:33:47) | ERROR: No tty detected!
btop++ needs an interactive shell to run.

2022/07/31 (01:33:47) | ===> btop++ v.1.2.8
2022/07/31 (01:33:47) | WARNING: No UTF-8 locale detected! Forcing start with --utf-force argument.
2022/07/31 (01:33:47) | ERROR: No tty detected!
btop++ needs an interactive shell to run.

2022/07/31 (01:33:48) | ===> btop++ v.1.2.8
2022/07/31 (01:33:48) | WARNING: No UTF-8 locale detected! Forcing start with --utf-force argument.
2022/07/31 (01:33:48) | ERROR: No tty detected!
btop++ needs an interactive shell to run.

2022/07/31 (01:33:48) | ===> btop++ v.1.2.8
2022/07/31 (01:33:48) | WARNING: No UTF-8 locale detected! Forcing start with --utf-force argument.
2022/07/31 (01:33:48) | ERROR: No tty detected!
btop++ needs an interactive shell to run.

2022/07/31 (01:33:48) | ===> btop++ v.1.2.8
2022/07/31 (01:33:48) | WARNING: No UTF-8 locale detected! Forcing start with --utf-force argument.
2022/07/31 (01:33:48) | ERROR: No tty detected!
btop++ needs an interactive shell to run.

2022/07/31 (01:33:48) | ===> btop++ v.1.2.8
2022/07/31 (01:33:48) | WARNING: No UTF-8 locale detected! Forcing start with --utf-force argument.
2022/07/31 (01:33:48) | ERROR: No tty detected!
btop++ needs an interactive shell to run.

2022/07/31 (01:33:49) | ===> btop++ v.1.2.8
2022/07/31 (01:33:49) | WARNING: No UTF-8 locale detected! Forcing start with --utf-force argument.
2022/07/31 (01:33:49) | ERROR: No tty detected!
btop++ needs an interactive shell to run.

2022/07/31 (01:33:49) | ===> btop++ v.1.2.8
2022/07/31 (01:33:49) | WARNING: No UTF-8 locale detected! Forcing start with --utf-force argument.
2022/07/31 (01:33:49) | ERROR: No tty detected!
btop++ needs an interactive shell to run.

2022/07/31 (01:33:53) | ===> btop++ v.1.2.8
2022/07/31 (01:33:53) | WARNING: No UTF-8 locale detected! Forcing start with --utf-force argument.

2022/07/31 (01:34:12) | ===> btop++ v.1.2.8
2022/07/31 (01:34:12) | WARNING: No UTF-8 locale detected! Forcing start with --utf-force argument.

2022/07/31 (01:34:18) | ===> btop++ v.1.2.8
2022/07/31 (01:34:18) | WARNING: No UTF-8 locale detected! Forcing start with --utf-force argument.

2022/07/31 (01:34:42) | ===> btop++ v.1.2.8
2022/07/31 (01:34:42) | WARNING: No UTF-8 locale detected! Forcing start with --utf-force argument.

2022/07/31 (01:35:15) | ===> btop++ v.1.2.8
2022/07/31 (01:35:15) | WARNING: No UTF-8 locale detected! Forcing start with --utf-force argument.
2022/07/31 (01:35:15) | ERROR: No tty detected!
btop++ needs an interactive shell to run.

2022/07/31 (13:03:59) | ===> btop++ v.1.2.8
2022/07/31 (13:03:59) | ERROR: No UTF-8 locale detected!
Use --utf-force argument to force start if you're sure your terminal can handle it.

2022/07/31 (13:04:02) | ===> btop++ v.1.2.8
2022/07/31 (13:04:02) | WARNING: No UTF-8 locale detected! Forcing start with --utf-force argument.

2022/07/31 (13:04:15) | ===> btop++ v.1.2.8
2022/07/31 (13:04:15) | WARNING: No UTF-8 locale detected! Forcing start with --utf-force argument.

2022/07/31 (13:29:16) | ===> btop++ v.1.2.8
2022/07/31 (13:29:16) | ERROR: No UTF-8 locale detected!
Use --utf-force argument to force start if you're sure your terminal can handle it.

2022/07/31 (13:29:20) | ===> btop++ v.1.2.8
2022/07/31 (13:29:20) | WARNING: No UTF-8 locale detected! Forcing start with --utf-force argument.

2022/07/31 (13:37:30) | ===> btop++ v.1.2.8
2022/07/31 (13:37:30) | ERROR: No UTF-8 locale detected!
Use --utf-force argument to force start if you're sure your terminal can handle it.

2022/07/31 (13:37:32) | ===> btop++ v.1.2.8
2022/07/31 (13:37:32) | WARNING: No UTF-8 locale detected! Forcing start with --utf-force argument.

2022/07/31 (14:45:56) | ===> btop++ v.1.2.8
2022/07/31 (14:45:56) | WARNING: No UTF-8 locale detected! Forcing start with --utf-force argument.
2022/07/31 (14:45:56) | ERROR: No tty detected!
btop++ needs an interactive shell to run.

2022/07/31 (19:37:42) | ===> btop++ v.1.2.8
2022/07/31 (19:37:42) | ERROR: No UTF-8 locale detected!
Use --utf-force argument to force start if you're sure your terminal can handle it.

2022/07/31 (19:37:45) | ===> btop++ v.1.2.8
2022/07/31 (19:37:45) | WARNING: No UTF-8 locale detected! Forcing start with --utf-force argument.

2022/08/03 (10:53:57) | ===> btop++ v.1.2.8
2022/08/03 (10:53:57) | ERROR: No UTF-8 locale detected!
Use --utf-force argument to force start if you're sure your terminal can handle it.

2022/08/03 (10:54:00) | ===> btop++ v.1.2.8
2022/08/03 (10:54:00) | WARNING: No UTF-8 locale detected! Forcing start with --utf-force argument.

2022/08/03 (11:58:48) | ===> btop++ v.1.2.8
2022/08/03 (11:58:48) | WARNING: No UTF-8 locale detected! Forcing start with --utf-force argument.

2022/08/03 (12:00:56) | ===> btop++ v.1.2.8
2022/08/03 (12:00:56) | WARNING: No UTF-8 locale detected! Forcing start with --utf-force argument.

2022/08/03 (22:17:44) | ===> btop++ v.1.2.8
2022/08/03 (22:17:44) | WARNING: No UTF-8 locale detected! Forcing start with --utf-force argument.
2022/08/03 (22:17:44) | ERROR: No tty detected!
btop++ needs an interactive shell to run.

2022/08/04 (14:57:39) | ===> btop++ v.1.2.8
2022/08/04 (14:57:39) | ERROR: No UTF-8 locale detected!
Use --utf-force argument to force start if you're sure your terminal can handle it.

2022/08/04 (14:57:41) | ===> btop++ v.1.2.8
2022/08/04 (14:57:41) | WARNING: No UTF-8 locale detected! Forcing start with --utf-force argument.

2022/08/05 (14:40:36) | ===> btop++ v.1.2.8
2022/08/05 (14:40:36) | WARNING: No UTF-8 locale detected! Forcing start with --utf-force argument.
2022/08/05 (14:40:36) | ERROR: No tty detected!
btop++ needs an interactive shell to run.

2022/08/06 (13:51:20) | ===> btop++ v.1.2.8
2022/08/06 (13:51:20) | WARNING: No UTF-8 locale detected! Forcing start with --utf-force argument.

2022/08/07 (18:33:01) | ===> btop++ v.1.2.8
2022/08/07 (18:33:01) | WARNING: No UTF-8 locale detected! Forcing start with --utf-force argument.

2022/08/07 (19:59:38) | ===> btop++ v.1.2.8
2022/08/07 (19:59:38) | WARNING: No UTF-8 locale detected! Forcing start with --utf-force argument.
2022/08/07 (19:59:38) | ERROR: No tty detected!
btop++ needs an interactive shell to run.

2022/08/08 (09:34:03) | ===> btop++ v.1.2.8
2022/08/08 (09:34:03) | WARNING: No UTF-8 locale detected! Forcing start with --utf-force argument.
2022/08/08 (09:34:03) | ERROR: No tty detected!
btop++ needs an interactive shell to run.

2022/08/08 (15:01:52) | ===> btop++ v.1.2.8
2022/08/08 (15:01:52) | WARNING: No UTF-8 locale detected! Forcing start with --utf-force argument.
2022/08/08 (15:01:52) | ERROR: No tty detected!
btop++ needs an interactive shell to run.

2022/08/08 (15:01:55) | ===> btop++ v.1.2.8
2022/08/08 (15:01:55) | WARNING: No UTF-8 locale detected! Forcing start with --utf-force argument.

2022/08/08 (15:20:43) | ===> btop++ v.1.2.8
2022/08/08 (15:20:43) | WARNING: No UTF-8 locale detected! Forcing start with --utf-force argument.

2022/08/08 (15:30:37) | ===> btop++ v.1.2.8
2022/08/08 (15:30:37) | WARNING: No UTF-8 locale detected! Forcing start with --utf-force argument.
2022/08/08 (15:30:37) | ERROR: No tty detected!
btop++ needs an interactive shell to run.

2022/08/09 (21:53:17) | ===> btop++ v.1.2.8
2022/08/09 (21:53:17) | WARNING: No UTF-8 locale detected! Forcing start with --utf-force argument.

2022/08/10 (09:59:06) | ===> btop++ v.1.2.8
2022/08/10 (09:59:06) | WARNING: No UTF-8 locale detected! Forcing start with --utf-force argument.

2022/08/10 (10:11:45) | ===> btop++ v.1.2.8
2022/08/10 (10:11:45) | WARNING: No UTF-8 locale detected! Forcing start with --utf-force argument.

2022/08/10 (12:21:02) | ===> btop++ v.1.2.8
2022/08/10 (12:21:02) | WARNING: No UTF-8 locale detected! Forcing start with --utf-force argument.

2022/08/10 (18:47:19) | ===> btop++ v.1.2.8
2022/08/10 (18:47:19) | ERROR: No UTF-8 locale detected!
Use --utf-force argument to force start if you're sure your terminal can handle it.

2022/08/10 (18:47:21) | ===> btop++ v.1.2.8
2022/08/10 (18:47:21) | WARNING: No UTF-8 locale detected! Forcing start with --utf-force argument.

2022/08/11 (22:18:51) | ===> btop++ v.1.2.8
2022/08/11 (22:18:51) | WARNING: No UTF-8 locale detected! Forcing start with --utf-force argument.
2022/08/11 (22:18:51) | ERROR: No tty detected!
btop++ needs an interactive shell to run.

2022/08/12 (09:38:23) | ===> btop++ v.1.2.8
2022/08/12 (09:38:23) | WARNING: No UTF-8 locale detected! Forcing start with --utf-force argument.
2022/08/12 (09:38:23) | ERROR: No tty detected!
btop++ needs an interactive shell to run.

2022/08/12 (10:07:20) | ===> btop++ v.1.2.8
2022/08/12 (10:07:20) | WARNING: No UTF-8 locale detected! Forcing start with --utf-force argument.

2022/08/15 (22:43:03) | ===> btop++ v.1.2.8
2022/08/15 (22:43:03) | WARNING: No UTF-8 locale detected! Forcing start with --utf-force argument.
